<?xml version="1.0" encoding="UTF-8"?>
<!-- Generated by org.testng.reporters.JUnitXMLReporter -->
<testsuite ignored="0" hostname="myLearnovo5" failures="3" tests="7" name="ErrorValidationTest" time="58.54" errors="0" timestamp="26 Jun 2024 18:23:35 GMT">
  <testcase classname="bobchos.bar.Test.ErrorValidationTest" name="assertEmailFieldError" time="0.778"/>
  <testcase classname="bobchos.bar.Test.ErrorValidationTest" name="assertIsAdultFieldError" time="0.97"/>
  <testcase classname="bobchos.bar.Test.ErrorValidationTest" name="assertNameFieldError" time="0.636"/>
  <testcase classname="bobchos.bar.Test.ErrorValidationTest" name="assertQuantityFieldError" time="0.792">
    <failure type="java.lang.AssertionError" message="expected [Please input Quantity] but found [Please input Name]">
      <![CDATA[java.lang.AssertionError: expected [Please input Quantity] but found [Please input Name]
at bobchos.bar.Test.ErrorValidationTest.assertQuantityFieldError(ErrorValidationTest.java:60)
... Removed 31 stack frames]]>
    </failure>
  </testcase> <!-- assertQuantityFieldError -->
  <testcase classname="bobchos.bar.Test.ErrorValidationTest" name="assertSizeFieldError" time="0.643">
    <failure type="java.lang.AssertionError" message="expected [Please select size] but found [Please selet size]">
      <![CDATA[java.lang.AssertionError: expected [Please select size] but found [Please selet size]
at bobchos.bar.TestComponents.BaseTest.Report(BaseTest.java:132)
at bobchos.bar.Test.ErrorValidationTest.assertSizeFieldError(ErrorValidationTest.java:43)
... Removed 31 stack frames]]>
    </failure>
  </testcase> <!-- assertSizeFieldError -->
  <testcase classname="bobchos.bar.Test.ErrorValidationTest" name="checkQuantityNegative" time="3.063">
    <failure type="java.lang.AssertionError" message="expected [false] but found [true]">
      <![CDATA[java.lang.AssertionError: expected [false] but found [true]
at bobchos.bar.Test.ErrorValidationTest.checkQuantityNegative(ErrorValidationTest.java:195)
... Removed 31 stack frames]]>
    </failure>
  </testcase> <!-- checkQuantityNegative -->
  <testcase classname="bobchos.bar.Test.ErrorValidationTest" name="invalidEmailInput" time="17.908"/>
</testsuite> <!-- ErrorValidationTest -->
