<html>
<head>
<title>TestNG:  ErrorValidationTest</title>
<link href="../testng.css" rel="stylesheet" type="text/css" />
<link href="../my-testng.css" rel="stylesheet" type="text/css" />

<style type="text/css">
.log { display: none;} 
.stack-trace { display: none;} 
</style>
<script type="text/javascript">
<!--
function flip(e) {
  current = e.style.display;
  if (current == 'block') {
    e.style.display = 'none';
    return 0;
  }
  else {
    e.style.display = 'block';
    return 1;
  }
}

function toggleBox(szDivId, elem, msg1, msg2)
{
  var res = -1;  if (document.getElementById) {
    res = flip(document.getElementById(szDivId));
  }
  else if (document.all) {
    // this is the way old msie versions work
    res = flip(document.all[szDivId]);
  }
  if(elem) {
    if(res == 0) elem.innerHTML = msg1; else elem.innerHTML = msg2;
  }

}

function toggleAllBoxes() {
  if (document.getElementsByTagName) {
    d = document.getElementsByTagName('div');
    for (i = 0; i < d.length; i++) {
      if (d[i].className == 'log') {
        flip(d[i]);
      }
    }
  }
}

// -->
</script>

</head>
<body>
<h2 align='center'>ErrorValidationTest</h2><table border='1' align="center">
<tr>
<td>Tests passed/Failed/Skipped:</td><td>4/3/0</td>
</tr><tr>
<td>Started on:</td><td>Wed Jun 26 23:52:36 IST 2024</td>
</tr>
<tr><td>Total time:</td><td>58 seconds (58540 ms)</td>
</tr><tr>
<td>Included groups:</td><td></td>
</tr><tr>
<td>Excluded groups:</td><td></td>
</tr>
</table><p/>
<small><i>(Hover the method name to see the test class name)</i></small><p/>
<table width='100%' border='1' class='invocation-failed'>
<tr><td colspan='4' align='center'><b>FAILED TESTS</b></td></tr>
<tr><td><b>Test method</b></td>
<td width="30%"><b>Exception</b></td>
<td width="10%"><b>Time (seconds)</b></td>
<td><b>Instance</b></td>
</tr>
<tr>
<td title='bobchos.bar.Test.ErrorValidationTest.assertQuantityFieldError()'><b>assertQuantityFieldError</b><br>Test class: bobchos.bar.Test.ErrorValidationTest</td>
<td><div><pre>java.lang.AssertionError: expected [Please input Quantity] but found [Please input Name]
	at bobchos.bar.Test.ErrorValidationTest.assertQuantityFieldError(ErrorValidationTest.java:60)
... Removed 31 stack frames</pre></div><a href='#' onClick='toggleBox("stack-trace410759196", this, "Click to show all stack frames", "Click to hide stack frames")'>Click to show all stack frames</a>
<div class='stack-trace' id='stack-trace410759196'><pre>java.lang.AssertionError: expected [Please input Quantity] but found [Please input Name]
	at org.testng.Assert.fail(Assert.java:96)
	at org.testng.Assert.failNotEquals(Assert.java:776)
	at org.testng.Assert.assertEqualsImpl(Assert.java:137)
	at org.testng.Assert.assertEquals(Assert.java:118)
	at org.testng.Assert.assertEquals(Assert.java:453)
	at org.testng.Assert.assertEquals(Assert.java:463)
	at bobchos.bar.Test.ErrorValidationTest.assertQuantityFieldError(ErrorValidationTest.java:60)
	at java.base/jdk.internal.reflect.NativeMethodAccessorImpl.invoke0(Native Method)
	at java.base/jdk.internal.reflect.NativeMethodAccessorImpl.invoke(NativeMethodAccessorImpl.java:77)
	at java.base/jdk.internal.reflect.DelegatingMethodAccessorImpl.invoke(DelegatingMethodAccessorImpl.java:43)
	at java.base/java.lang.reflect.Method.invoke(Method.java:568)
	at org.testng.internal.MethodInvocationHelper.invokeMethod(MethodInvocationHelper.java:124)
	at org.testng.internal.Invoker.invokeMethod(Invoker.java:583)
	at org.testng.internal.Invoker.invokeTestMethod(Invoker.java:719)
	at org.testng.internal.Invoker.invokeTestMethods(Invoker.java:989)
	at org.testng.internal.TestMethodWorker.invokeTestMethods(TestMethodWorker.java:125)
	at org.testng.internal.TestMethodWorker.run(TestMethodWorker.java:109)
	at org.testng.TestRunner.privateRun(TestRunner.java:648)
	at org.testng.TestRunner.run(TestRunner.java:505)
	at org.testng.SuiteRunner.runTest(SuiteRunner.java:455)
	at org.testng.SuiteRunner.runSequentially(SuiteRunner.java:450)
	at org.testng.SuiteRunner.privateRun(SuiteRunner.java:415)
	at org.testng.SuiteRunner.run(SuiteRunner.java:364)
	at org.testng.SuiteRunnerWorker.runSuite(SuiteRunnerWorker.java:52)
	at org.testng.SuiteRunnerWorker.run(SuiteRunnerWorker.java:84)
	at org.testng.TestNG.runSuitesSequentially(TestNG.java:1208)
	at org.testng.TestNG.runSuitesLocally(TestNG.java:1137)
	at org.testng.TestNG.runSuites(TestNG.java:1049)
	at org.testng.TestNG.run(TestNG.java:1017)
	at org.testng.remote.AbstractRemoteTestNG.run(AbstractRemoteTestNG.java:115)
	at org.testng.remote.RemoteTestNG.initAndRun(RemoteTestNG.java:251)
	at org.testng.remote.RemoteTestNG.main(RemoteTestNG.java:77)
</pre></div></td>
<td>0</td>
<td>bobchos.bar.Test.ErrorValidationTest@2f67b837</td></tr>
<tr>
<td title='bobchos.bar.Test.ErrorValidationTest.assertSizeFieldError()'><b>assertSizeFieldError</b><br>Test class: bobchos.bar.Test.ErrorValidationTest<br/>
<a href="#Output-413767623" onClick='toggleBox("Output-413767623", this, "Show output", "Hide output");'>Show output</a>

<a href="#Output-413767623" onClick="toggleAllBoxes();">Show all outputs</a>
<div class='log' id="Output-413767623">
'Please select size' and 'Please selet size' is not matching<br/>
</div>
</td>
<td><div><pre>java.lang.AssertionError: expected [Please select size] but found [Please selet size]
	at bobchos.bar.TestComponents.BaseTest.Report(BaseTest.java:132)
	at bobchos.bar.Test.ErrorValidationTest.assertSizeFieldError(ErrorValidationTest.java:43)
... Removed 31 stack frames</pre></div><a href='#' onClick='toggleBox("stack-trace413767623", this, "Click to show all stack frames", "Click to hide stack frames")'>Click to show all stack frames</a>
<div class='stack-trace' id='stack-trace413767623'><pre>java.lang.AssertionError: expected [Please select size] but found [Please selet size]
	at org.testng.Assert.fail(Assert.java:96)
	at org.testng.Assert.failNotEquals(Assert.java:776)
	at org.testng.Assert.assertEqualsImpl(Assert.java:137)
	at org.testng.Assert.assertEquals(Assert.java:118)
	at org.testng.Assert.assertEquals(Assert.java:453)
	at org.testng.Assert.assertEquals(Assert.java:463)
	at bobchos.bar.TestComponents.BaseTest.Report(BaseTest.java:132)
	at bobchos.bar.Test.ErrorValidationTest.assertSizeFieldError(ErrorValidationTest.java:43)
	at java.base/jdk.internal.reflect.NativeMethodAccessorImpl.invoke0(Native Method)
	at java.base/jdk.internal.reflect.NativeMethodAccessorImpl.invoke(NativeMethodAccessorImpl.java:77)
	at java.base/jdk.internal.reflect.DelegatingMethodAccessorImpl.invoke(DelegatingMethodAccessorImpl.java:43)
	at java.base/java.lang.reflect.Method.invoke(Method.java:568)
	at org.testng.internal.MethodInvocationHelper.invokeMethod(MethodInvocationHelper.java:124)
	at org.testng.internal.Invoker.invokeMethod(Invoker.java:583)
	at org.testng.internal.Invoker.invokeTestMethod(Invoker.java:719)
	at org.testng.internal.Invoker.invokeTestMethods(Invoker.java:989)
	at org.testng.internal.TestMethodWorker.invokeTestMethods(TestMethodWorker.java:125)
	at org.testng.internal.TestMethodWorker.run(TestMethodWorker.java:109)
	at org.testng.TestRunner.privateRun(TestRunner.java:648)
	at org.testng.TestRunner.run(TestRunner.java:505)
	at org.testng.SuiteRunner.runTest(SuiteRunner.java:455)
	at org.testng.SuiteRunner.runSequentially(SuiteRunner.java:450)
	at org.testng.SuiteRunner.privateRun(SuiteRunner.java:415)
	at org.testng.SuiteRunner.run(SuiteRunner.java:364)
	at org.testng.SuiteRunnerWorker.runSuite(SuiteRunnerWorker.java:52)
	at org.testng.SuiteRunnerWorker.run(SuiteRunnerWorker.java:84)
	at org.testng.TestNG.runSuitesSequentially(TestNG.java:1208)
	at org.testng.TestNG.runSuitesLocally(TestNG.java:1137)
	at org.testng.TestNG.runSuites(TestNG.java:1049)
	at org.testng.TestNG.run(TestNG.java:1017)
	at org.testng.remote.AbstractRemoteTestNG.run(AbstractRemoteTestNG.java:115)
	at org.testng.remote.RemoteTestNG.initAndRun(RemoteTestNG.java:251)
	at org.testng.remote.RemoteTestNG.main(RemoteTestNG.java:77)
</pre></div></td>
<td>0</td>
<td>bobchos.bar.Test.ErrorValidationTest@2f67b837</td></tr>
<tr>
<td title='bobchos.bar.Test.ErrorValidationTest.checkQuantityNegative()'><b>checkQuantityNegative</b><br>Test class: bobchos.bar.Test.ErrorValidationTest</td>
<td><div><pre>java.lang.AssertionError: expected [false] but found [true]
	at bobchos.bar.Test.ErrorValidationTest.checkQuantityNegative(ErrorValidationTest.java:195)
... Removed 31 stack frames</pre></div><a href='#' onClick='toggleBox("stack-trace777341675", this, "Click to show all stack frames", "Click to hide stack frames")'>Click to show all stack frames</a>
<div class='stack-trace' id='stack-trace777341675'><pre>java.lang.AssertionError: expected [false] but found [true]
	at org.testng.Assert.fail(Assert.java:96)
	at org.testng.Assert.failNotEquals(Assert.java:776)
	at org.testng.Assert.assertEqualsImpl(Assert.java:137)
	at org.testng.Assert.assertEquals(Assert.java:118)
	at org.testng.Assert.assertEquals(Assert.java:568)
	at org.testng.Assert.assertEquals(Assert.java:578)
	at bobchos.bar.Test.ErrorValidationTest.checkQuantityNegative(ErrorValidationTest.java:195)
	at java.base/jdk.internal.reflect.NativeMethodAccessorImpl.invoke0(Native Method)
	at java.base/jdk.internal.reflect.NativeMethodAccessorImpl.invoke(NativeMethodAccessorImpl.java:77)
	at java.base/jdk.internal.reflect.DelegatingMethodAccessorImpl.invoke(DelegatingMethodAccessorImpl.java:43)
	at java.base/java.lang.reflect.Method.invoke(Method.java:568)
	at org.testng.internal.MethodInvocationHelper.invokeMethod(MethodInvocationHelper.java:124)
	at org.testng.internal.Invoker.invokeMethod(Invoker.java:583)
	at org.testng.internal.Invoker.invokeTestMethod(Invoker.java:719)
	at org.testng.internal.Invoker.invokeTestMethods(Invoker.java:989)
	at org.testng.internal.TestMethodWorker.invokeTestMethods(TestMethodWorker.java:125)
	at org.testng.internal.TestMethodWorker.run(TestMethodWorker.java:109)
	at org.testng.TestRunner.privateRun(TestRunner.java:648)
	at org.testng.TestRunner.run(TestRunner.java:505)
	at org.testng.SuiteRunner.runTest(SuiteRunner.java:455)
	at org.testng.SuiteRunner.runSequentially(SuiteRunner.java:450)
	at org.testng.SuiteRunner.privateRun(SuiteRunner.java:415)
	at org.testng.SuiteRunner.run(SuiteRunner.java:364)
	at org.testng.SuiteRunnerWorker.runSuite(SuiteRunnerWorker.java:52)
	at org.testng.SuiteRunnerWorker.run(SuiteRunnerWorker.java:84)
	at org.testng.TestNG.runSuitesSequentially(TestNG.java:1208)
	at org.testng.TestNG.runSuitesLocally(TestNG.java:1137)
	at org.testng.TestNG.runSuites(TestNG.java:1049)
	at org.testng.TestNG.run(TestNG.java:1017)
	at org.testng.remote.AbstractRemoteTestNG.run(AbstractRemoteTestNG.java:115)
	at org.testng.remote.RemoteTestNG.initAndRun(RemoteTestNG.java:251)
	at org.testng.remote.RemoteTestNG.main(RemoteTestNG.java:77)
</pre></div></td>
<td>3</td>
<td>bobchos.bar.Test.ErrorValidationTest@2f67b837</td></tr>
</table><p>
<table width='100%' border='1' class='invocation-passed'>
<tr><td colspan='4' align='center'><b>PASSED TESTS</b></td></tr>
<tr><td><b>Test method</b></td>
<td width="30%"><b>Exception</b></td>
<td width="10%"><b>Time (seconds)</b></td>
<td><b>Instance</b></td>
</tr>
<tr>
<td title='bobchos.bar.Test.ErrorValidationTest.assertEmailFieldError()'><b>assertEmailFieldError</b><br>Test class: bobchos.bar.Test.ErrorValidationTest<br/>
<a href="#Output-583857725" onClick='toggleBox("Output-583857725", this, "Show output", "Hide output");'>Show output</a>

<a href="#Output-583857725" onClick="toggleAllBoxes();">Show all outputs</a>
<div class='log' id="Output-583857725">
'Please input Email' and 'Please input Email' is  matching<br/>
</div>
</td>
<td></td>
<td>0</td>
<td>bobchos.bar.Test.ErrorValidationTest@2f67b837</td></tr>
<tr>
<td title='bobchos.bar.Test.ErrorValidationTest.assertIsAdultFieldError()'><b>assertIsAdultFieldError</b><br>Test class: bobchos.bar.Test.ErrorValidationTest<br/>
<a href="#Output-1859755232" onClick='toggleBox("Output-1859755232", this, "Show output", "Hide output");'>Show output</a>

<a href="#Output-1859755232" onClick="toggleAllBoxes();">Show all outputs</a>
<div class='log' id="Output-1859755232">
'Please confirm you are above 18 years old!' and 'Please confirm you are above 18 years old!' is  matching<br/>
</div>
</td>
<td></td>
<td>0</td>
<td>bobchos.bar.Test.ErrorValidationTest@2f67b837</td></tr>
<tr>
<td title='bobchos.bar.Test.ErrorValidationTest.assertNameFieldError()'><b>assertNameFieldError</b><br>Test class: bobchos.bar.Test.ErrorValidationTest<br/>
<a href="#Output-1912842116" onClick='toggleBox("Output-1912842116", this, "Show output", "Hide output");'>Show output</a>

<a href="#Output-1912842116" onClick="toggleAllBoxes();">Show all outputs</a>
<div class='log' id="Output-1912842116">
'Please input Name' and 'Please input Name' is  matching<br/>
</div>
</td>
<td></td>
<td>0</td>
<td>bobchos.bar.Test.ErrorValidationTest@2f67b837</td></tr>
<tr>
<td title='bobchos.bar.Test.ErrorValidationTest.invalidEmailInput()'><b>invalidEmailInput</b><br>Test class: bobchos.bar.Test.ErrorValidationTest</td>
<td></td>
<td>17</td>
<td>bobchos.bar.Test.ErrorValidationTest@2f67b837</td></tr>
</table><p>
</body>
</html>